<?xml version="1.0" encoding="UTF-8"?>
<testsuite name="TestSuite" time="2.203" tests="226" errors="0" skipped="0" failures="0">
  <properties>
[...]
</properties>
  <testcase name="negativeOrZeroEmitFrequencyShouldThrowIAE" classname="org.apache.storm.starter.bolt.TotalRankingsBoltTest" time="1.409"/>
  <testcase name="negativeOrZeroEmitFrequencyShouldThrowIAE" classname="org.apache.storm.starter.bolt.TotalRankingsBoltTest" time="0"/>
  <testcase name="negativeOrZeroEmitFrequencyShouldThrowIAE" classname="org.apache.storm.starter.bolt.TotalRankingsBoltTest" time="0"/>
  <testcase name="negativeOrZeroEmitFrequencyShouldThrowIAE" classname="org.apache.storm.starter.bolt.TotalRankingsBoltTest" time="0"/>
  <testcase name="negativeOrZeroEmitFrequencyShouldThrowIAE" classname="org.apache.storm.starter.bolt.TotalRankingsBoltTest" time="0"/>
  <testcase name="negativeOrZeroTopNShouldThrowIAE" classname="org.apache.storm.starter.bolt.TotalRankingsBoltTest" time="0"/>
  <testcase name="negativeOrZeroTopNShouldThrowIAE" classname="org.apache.storm.starter.bolt.TotalRankingsBoltTest" time="0"/>
  <testcase name="negativeOrZeroTopNShouldThrowIAE" classname="org.apache.storm.starter.bolt.TotalRankingsBoltTest" time="0"/>
  <testcase name="negativeOrZeroTopNShouldThrowIAE" classname="org.apache.storm.starter.bolt.TotalRankingsBoltTest" time="0"/>
  <testcase name="negativeOrZeroTopNShouldThrowIAE" classname="org.apache.storm.starter.bolt.TotalRankingsBoltTest" time="0"/>
  <testcase name="positiveEmitFrequencyShouldBeOk" classname="org.apache.storm.starter.bolt.TotalRankingsBoltTest" time="0.014"/>
  <testcase name="positiveEmitFrequencyShouldBeOk" classname="org.apache.storm.starter.bolt.TotalRankingsBoltTest" time="0"/>
  <testcase name="positiveEmitFrequencyShouldBeOk" classname="org.apache.storm.starter.bolt.TotalRankingsBoltTest" time="0"/>
  <testcase name="positiveEmitFrequencyShouldBeOk" classname="org.apache.storm.starter.bolt.TotalRankingsBoltTest" time="0"/>
  <testcase name="positiveTopNShouldBeOk" classname="org.apache.storm.starter.bolt.TotalRankingsBoltTest" time="0"/>
  <testcase name="positiveTopNShouldBeOk" classname="org.apache.storm.starter.bolt.TotalRankingsBoltTest" time="0"/>
  <testcase name="positiveTopNShouldBeOk" classname="org.apache.storm.starter.bolt.TotalRankingsBoltTest" time="0"/>
  <testcase name="positiveTopNShouldBeOk" classname="org.apache.storm.starter.bolt.TotalRankingsBoltTest" time="0.004"/>
  <testcase name="shouldDeclareOutputFields" classname="org.apache.storm.starter.bolt.TotalRankingsBoltTest" time="0.263"/>
  <testcase name="shouldEmitNothingIfNormalTupleIsReceived" classname="org.apache.storm.starter.bolt.TotalRankingsBoltTest" time="0.033"/>
  <testcase name="shouldEmitSomethingIfTickTupleIsReceived" classname="org.apache.storm.starter.bolt.TotalRankingsBoltTest" time="0.185"/>
  <testcase name="shouldSetTickTupleFrequencyInComponentConfigurationToNonZeroValue" classname="org.apache.storm.starter.bolt.TotalRankingsBoltTest" time="0.026"/>
  <testcase name="negativeOrZeroEmitFrequencyShouldThrowIAE" classname="org.apache.storm.starter.bolt.IntermediateRankingsBoltTest" time="0.013"/>
  <testcase name="negativeOrZeroEmitFrequencyShouldThrowIAE" classname="org.apache.storm.starter.bolt.IntermediateRankingsBoltTest" time="0"/>
  <testcase name="negativeOrZeroEmitFrequencyShouldThrowIAE" classname="org.apache.storm.starter.bolt.IntermediateRankingsBoltTest" time="0"/>
  <testcase name="negativeOrZeroEmitFrequencyShouldThrowIAE" classname="org.apache.storm.starter.bolt.IntermediateRankingsBoltTest" time="0"/>
  <testcase name="negativeOrZeroEmitFrequencyShouldThrowIAE" classname="org.apache.storm.starter.bolt.IntermediateRankingsBoltTest" time="0"/>
  <testcase name="negativeOrZeroTopNShouldThrowIAE" classname="org.apache.storm.starter.bolt.IntermediateRankingsBoltTest" time="0"/>
  <testcase name="negativeOrZeroTopNShouldThrowIAE" classname="org.apache.storm.starter.bolt.IntermediateRankingsBoltTest" time="0"/>
  <testcase name="negativeOrZeroTopNShouldThrowIAE" classname="org.apache.storm.starter.bolt.IntermediateRankingsBoltTest" time="0"/>
  <testcase name="negativeOrZeroTopNShouldThrowIAE" classname="org.apache.storm.starter.bolt.IntermediateRankingsBoltTest" time="0"/>
  <testcase name="negativeOrZeroTopNShouldThrowIAE" classname="org.apache.storm.starter.bolt.IntermediateRankingsBoltTest" time="0"/>
  <testcase name="positiveEmitFrequencyShouldBeOk" classname="org.apache.storm.starter.bolt.IntermediateRankingsBoltTest" time="0"/>
  <testcase name="positiveEmitFrequencyShouldBeOk" classname="org.apache.storm.starter.bolt.IntermediateRankingsBoltTest" time="0"/>
  <testcase name="positiveEmitFrequencyShouldBeOk" classname="org.apache.storm.starter.bolt.IntermediateRankingsBoltTest" time="0"/>
  <testcase name="positiveEmitFrequencyShouldBeOk" classname="org.apache.storm.starter.bolt.IntermediateRankingsBoltTest" time="0"/>
  <testcase name="positiveTopNShouldBeOk" classname="org.apache.storm.starter.bolt.IntermediateRankingsBoltTest" time="0"/>
  <testcase name="positiveTopNShouldBeOk" classname="org.apache.storm.starter.bolt.IntermediateRankingsBoltTest" time="0"/>
  <testcase name="positiveTopNShouldBeOk" classname="org.apache.storm.starter.bolt.IntermediateRankingsBoltTest" time="0"/>
  <testcase name="positiveTopNShouldBeOk" classname="org.apache.storm.starter.bolt.IntermediateRankingsBoltTest" time="0"/>
  <testcase name="shouldDeclareOutputFields" classname="org.apache.storm.starter.bolt.IntermediateRankingsBoltTest" time="0"/>
  <testcase name="shouldEmitNothingIfNormalTupleIsReceived" classname="org.apache.storm.starter.bolt.IntermediateRankingsBoltTest" time="0.02"/>
  <testcase name="shouldEmitSomethingIfTickTupleIsReceived" classname="org.apache.storm.starter.bolt.IntermediateRankingsBoltTest" time="0"/>
  <testcase name="shouldSetTickTupleFrequencyInComponentConfigurationToNonZeroValue" classname="org.apache.storm.starter.bolt.IntermediateRankingsBoltTest" time="0"/>
  <testcase name="shouldDeclareOutputFields" classname="org.apache.storm.starter.bolt.RollingCountBoltTest" time="0"/>
  <testcase name="shouldEmitNothingIfNoObjectHasBeenCountedYetAndTickTupleIsReceived" classname="org.apache.storm.starter.bolt.RollingCountBoltTest" time="0.104"/>
  <testcase name="shouldEmitSomethingIfAtLeastOneObjectWasCountedAndTickTupleIsReceived" classname="org.apache.storm.starter.bolt.RollingCountBoltTest" time="0.01"/>
  <testcase name="shouldSetTickTupleFrequencyInComponentConfigurationToNonZeroValue" classname="org.apache.storm.starter.bolt.RollingCountBoltTest" time="0"/>
  <testcase name="constructorWithNegativeCountAndFieldsShouldThrowIAE" classname="org.apache.storm.starter.tools.RankableObjectWithFieldsTest" time="0"/>
  <testcase name="constructorWithNegativeCountAndNoFieldsShouldThrowIAE" classname="org.apache.storm.starter.tools.RankableObjectWithFieldsTest" time="0"/>
  <testcase name="constructorWithNullObjectAndFieldsShouldThrowIAE" classname="org.apache.storm.starter.tools.RankableObjectWithFieldsTest" time="0"/>
  <testcase name="constructorWithNullObjectAndNoFieldsShouldThrowIAE" classname="org.apache.storm.starter.tools.RankableObjectWithFieldsTest" time="0"/>
  <testcase name="copyShouldReturnCopy" classname="org.apache.storm.starter.tools.RankableObjectWithFieldsTest" time="0"/>
  <testcase name="copyShouldReturnCopy" classname="org.apache.storm.starter.tools.RankableObjectWithFieldsTest" time="0"/>
  <testcase name="copyShouldReturnCopy" classname="org.apache.storm.starter.tools.RankableObjectWithFieldsTest" time="0"/>
  <testcase name="fieldsShouldBeImmutable" classname="org.apache.storm.starter.tools.RankableObjectWithFieldsTest" time="0"/>
  <testcase name="shouldBeEqualToItself" classname="org.apache.storm.starter.tools.RankableObjectWithFieldsTest" time="0"/>
  <testcase name="shouldBeEqualToTrueDuplicates" classname="org.apache.storm.starter.tools.RankableObjectWithFieldsTest" time="0.011"/>
  <testcase name="shouldBeEqualToTrueDuplicates" classname="org.apache.storm.starter.tools.RankableObjectWithFieldsTest" time="0"/>
  <testcase name="shouldBeEqualToTrueDuplicates" classname="org.apache.storm.starter.tools.RankableObjectWithFieldsTest" time="0"/>
  <testcase name="shouldCreateRankableObjectFromTuple" classname="org.apache.storm.starter.tools.RankableObjectWithFieldsTest" time="0.028"/>
  <testcase name="shouldHaveDifferentHashCodeThanFalseDuplicates" classname="org.apache.storm.starter.tools.RankableObjectWithFieldsTest" time="0"/>
  <testcase name="shouldHaveDifferentHashCodeThanFalseDuplicates" classname="org.apache.storm.starter.tools.RankableObjectWithFieldsTest" time="0.008"/>
  <testcase name="shouldHaveDifferentHashCodeThanFalseDuplicates" classname="org.apache.storm.starter.tools.RankableObjectWithFieldsTest" time="0"/>
  <testcase name="shouldHaveDifferentHashCodeThanFalseDuplicates" classname="org.apache.storm.starter.tools.RankableObjectWithFieldsTest" time="0"/>
  <testcase name="shouldHaveDifferentHashCodeThanFalseDuplicates" classname="org.apache.storm.starter.tools.RankableObjectWithFieldsTest" time="0"/>
  <testcase name="shouldHaveDifferentHashCodeThanFalseDuplicates" classname="org.apache.storm.starter.tools.RankableObjectWithFieldsTest" time="0"/>
  <testcase name="shouldHaveSameHashCodeAsTrueDuplicates" classname="org.apache.storm.starter.tools.RankableObjectWithFieldsTest" time="0"/>
  <testcase name="shouldHaveSameHashCodeAsTrueDuplicates" classname="org.apache.storm.starter.tools.RankableObjectWithFieldsTest" time="0"/>
  <testcase name="shouldHaveSameHashCodeAsTrueDuplicates" classname="org.apache.storm.starter.tools.RankableObjectWithFieldsTest" time="0.001"/>
  <testcase name="shouldNotBeEqualToFalseDuplicates" classname="org.apache.storm.starter.tools.RankableObjectWithFieldsTest" time="0.011"/>
  <testcase name="shouldNotBeEqualToFalseDuplicates" classname="org.apache.storm.starter.tools.RankableObjectWithFieldsTest" time="0"/>
  <testcase name="shouldNotBeEqualToFalseDuplicates" classname="org.apache.storm.starter.tools.RankableObjectWithFieldsTest" time="0"/>
  <testcase name="shouldNotBeEqualToFalseDuplicates" classname="org.apache.storm.starter.tools.RankableObjectWithFieldsTest" time="0"/>
  <testcase name="shouldNotBeEqualToFalseDuplicates" classname="org.apache.storm.starter.tools.RankableObjectWithFieldsTest" time="0"/>
  <testcase name="shouldNotBeEqualToFalseDuplicates" classname="org.apache.storm.starter.tools.RankableObjectWithFieldsTest" time="0.01"/>
  <testcase name="shouldNotBeEqualToInstancesOfOtherClasses" classname="org.apache.storm.starter.tools.RankableObjectWithFieldsTest" time="0"/>
  <testcase name="shouldNotBeEqualToInstancesOfOtherClasses" classname="org.apache.storm.starter.tools.RankableObjectWithFieldsTest" time="0"/>
  <testcase name="shouldNotBeEqualToInstancesOfOtherClasses" classname="org.apache.storm.starter.tools.RankableObjectWithFieldsTest" time="0"/>
  <testcase name="shouldNotBeEqualToInstancesOfOtherClasses" classname="org.apache.storm.starter.tools.RankableObjectWithFieldsTest" time="0"/>
  <testcase name="shouldReturnTheCount" classname="org.apache.storm.starter.tools.RankableObjectWithFieldsTest" time="0"/>
  <testcase name="shouldReturnTheFields" classname="org.apache.storm.starter.tools.RankableObjectWithFieldsTest" time="0"/>
  <testcase name="shouldReturnTheFields" classname="org.apache.storm.starter.tools.RankableObjectWithFieldsTest" time="0"/>
  <testcase name="shouldReturnTheObject" classname="org.apache.storm.starter.tools.RankableObjectWithFieldsTest" time="0.01"/>
  <testcase name="toStringShouldContainStringRepresentationsOfObjectAndCount" classname="org.apache.storm.starter.tools.RankableObjectWithFieldsTest" time="0.007"/>
  <testcase name="toStringShouldContainStringRepresentationsOfObjectAndCount" classname="org.apache.storm.starter.tools.RankableObjectWithFieldsTest" time="0"/>
  <testcase name="verifyCompareTo" classname="org.apache.storm.starter.tools.RankableObjectWithFieldsTest" time="0"/>
  <testcase name="verifyCompareTo" classname="org.apache.storm.starter.tools.RankableObjectWithFieldsTest" time="0"/>
  <testcase name="verifyCompareTo" classname="org.apache.storm.starter.tools.RankableObjectWithFieldsTest" time="0"/>
  <testcase name="verifyCompareTo" classname="org.apache.storm.starter.tools.RankableObjectWithFieldsTest" time="0"/>
  <testcase name="verifyCompareTo" classname="org.apache.storm.starter.tools.RankableObjectWithFieldsTest" time="0"/>
  <testcase name="verifyCompareTo" classname="org.apache.storm.starter.tools.RankableObjectWithFieldsTest" time="0"/>
  <testcase name="verifyCompareTo" classname="org.apache.storm.starter.tools.RankableObjectWithFieldsTest" time="0"/>
  <testcase name="verifyCompareTo" classname="org.apache.storm.starter.tools.RankableObjectWithFieldsTest" time="0"/>
  <testcase name="verifyCompareTo" classname="org.apache.storm.starter.tools.RankableObjectWithFieldsTest" time="0"/>
  <testcase name="verifyCompareTo" classname="org.apache.storm.starter.tools.RankableObjectWithFieldsTest" time="0"/>
  <testcase name="negativeOrZeroNumTimesToTrackShouldThrowIAE" classname="org.apache.storm.starter.tools.NthLastModifiedTimeTrackerTest" time="0"/>
  <testcase name="negativeOrZeroNumTimesToTrackShouldThrowIAE" classname="org.apache.storm.starter.tools.NthLastModifiedTimeTrackerTest" time="0"/>
  <testcase name="negativeOrZeroNumTimesToTrackShouldThrowIAE" classname="org.apache.storm.starter.tools.NthLastModifiedTimeTrackerTest" time="0"/>
  <testcase name="negativeOrZeroNumTimesToTrackShouldThrowIAE" classname="org.apache.storm.starter.tools.NthLastModifiedTimeTrackerTest" time="0"/>
  <testcase name="negativeOrZeroNumTimesToTrackShouldThrowIAE" classname="org.apache.storm.starter.tools.NthLastModifiedTimeTrackerTest" time="0"/>
  <testcase name="positiveNumTimesToTrackShouldBeOk" classname="org.apache.storm.starter.tools.NthLastModifiedTimeTrackerTest" time="0"/>
  <testcase name="positiveNumTimesToTrackShouldBeOk" classname="org.apache.storm.starter.tools.NthLastModifiedTimeTrackerTest" time="0"/>
  <testcase name="positiveNumTimesToTrackShouldBeOk" classname="org.apache.storm.starter.tools.NthLastModifiedTimeTrackerTest" time="0"/>
  <testcase name="positiveNumTimesToTrackShouldBeOk" classname="org.apache.storm.starter.tools.NthLastModifiedTimeTrackerTest" time="0"/>
  <testcase name="shouldReturnCorrectModifiedTimeEvenWhenNotYetMarkedAsModified" classname="org.apache.storm.starter.tools.NthLastModifiedTimeTrackerTest" time="0.002"/>
  <testcase name="shouldReturnCorrectModifiedTimeEvenWhenNotYetMarkedAsModified" classname="org.apache.storm.starter.tools.NthLastModifiedTimeTrackerTest" time="0.001"/>
  <testcase name="shouldReturnCorrectModifiedTimeEvenWhenNotYetMarkedAsModified" classname="org.apache.storm.starter.tools.NthLastModifiedTimeTrackerTest" time="0"/>
  <testcase name="shouldReturnCorrectModifiedTimeEvenWhenNotYetMarkedAsModified" classname="org.apache.storm.starter.tools.NthLastModifiedTimeTrackerTest" time="0.001"/>
  <testcase name="shouldReturnCorrectModifiedTimeEvenWhenNotYetMarkedAsModified" classname="org.apache.storm.starter.tools.NthLastModifiedTimeTrackerTest" time="0.019"/>
  <testcase name="shouldReturnCorrectModifiedTimeEvenWhenNotYetMarkedAsModified" classname="org.apache.storm.starter.tools.NthLastModifiedTimeTrackerTest" time="0.001"/>
  <testcase name="shouldReturnCorrectModifiedTimeEvenWhenNotYetMarkedAsModified" classname="org.apache.storm.starter.tools.NthLastModifiedTimeTrackerTest" time="0"/>
  <testcase name="shouldReturnCorrectModifiedTimeEvenWhenNotYetMarkedAsModified" classname="org.apache.storm.starter.tools.NthLastModifiedTimeTrackerTest" time="0"/>
  <testcase name="shouldReturnCorrectModifiedTimeWhenMarkedAsModified" classname="org.apache.storm.starter.tools.NthLastModifiedTimeTrackerTest" time="0"/>
  <testcase name="shouldReturnCorrectModifiedTimeWhenMarkedAsModified" classname="org.apache.storm.starter.tools.NthLastModifiedTimeTrackerTest" time="0"/>
  <testcase name="shouldReturnCorrectModifiedTimeWhenMarkedAsModified" classname="org.apache.storm.starter.tools.NthLastModifiedTimeTrackerTest" time="0.001"/>
  <testcase name="shouldReturnCorrectModifiedTimeWhenMarkedAsModified" classname="org.apache.storm.starter.tools.NthLastModifiedTimeTrackerTest" time="0.011"/>
  <testcase name="shouldReturnCorrectModifiedTimeWhenMarkedAsModified" classname="org.apache.storm.starter.tools.NthLastModifiedTimeTrackerTest" time="0.001"/>
  <testcase name="shouldReturnCorrectModifiedTimeWhenMarkedAsModified" classname="org.apache.storm.starter.tools.NthLastModifiedTimeTrackerTest" time="0"/>
  <testcase name="shouldReturnCorrectModifiedTimeWhenMarkedAsModified" classname="org.apache.storm.starter.tools.NthLastModifiedTimeTrackerTest" time="0"/>
  <testcase name="shouldReturnCorrectModifiedTimeWhenMarkedAsModified" classname="org.apache.storm.starter.tools.NthLastModifiedTimeTrackerTest" time="0"/>
  <testcase name="shouldReturnCorrectModifiedTimeWhenMarkedAsModified" classname="org.apache.storm.starter.tools.NthLastModifiedTimeTrackerTest" time="0"/>
  <testcase name="shouldReturnCorrectModifiedTimeWhenMarkedAsModified" classname="org.apache.storm.starter.tools.NthLastModifiedTimeTrackerTest" time="0"/>
  <testcase name="shouldReturnCorrectModifiedTimeWhenMarkedAsModified" classname="org.apache.storm.starter.tools.NthLastModifiedTimeTrackerTest" time="0"/>
  <testcase name="shouldReturnCorrectModifiedTimeWhenMarkedAsModified" classname="org.apache.storm.starter.tools.NthLastModifiedTimeTrackerTest" time="0.021"/>
  <testcase name="shouldReturnCorrectModifiedTimeWhenMarkedAsModified" classname="org.apache.storm.starter.tools.NthLastModifiedTimeTrackerTest" time="0.001"/>
  <testcase name="shouldReturnCorrectModifiedTimeWhenMarkedAsModified" classname="org.apache.storm.starter.tools.NthLastModifiedTimeTrackerTest" time="0"/>
  <testcase name="shouldReturnCorrectModifiedTimeWhenMarkedAsModified" classname="org.apache.storm.starter.tools.NthLastModifiedTimeTrackerTest" time="0"/>
  <testcase name="shouldReturnCorrectModifiedTimeWhenMarkedAsModified" classname="org.apache.storm.starter.tools.NthLastModifiedTimeTrackerTest" time="0.032"/>
  <testcase name="shouldReturnCorrectModifiedTimeWhenMarkedAsModified" classname="org.apache.storm.starter.tools.NthLastModifiedTimeTrackerTest" time="0"/>
  <testcase name="shouldReturnCorrectModifiedTimeWhenMarkedAsModified" classname="org.apache.storm.starter.tools.NthLastModifiedTimeTrackerTest" time="0"/>
  <testcase name="shouldReturnCorrectModifiedTimeWhenMarkedAsModified" classname="org.apache.storm.starter.tools.NthLastModifiedTimeTrackerTest" time="0"/>
  <testcase name="shouldReturnCorrectModifiedTimeWhenMarkedAsModified" classname="org.apache.storm.starter.tools.NthLastModifiedTimeTrackerTest" time="0"/>
  <testcase name="shouldReturnCorrectModifiedTimeWhenMarkedAsModified" classname="org.apache.storm.starter.tools.NthLastModifiedTimeTrackerTest" time="0"/>
  <testcase name="shouldReturnCorrectModifiedTimeWhenMarkedAsModified" classname="org.apache.storm.starter.tools.NthLastModifiedTimeTrackerTest" time="0"/>
  <testcase name="lessThanTwoSlotsShouldThrowIAE" classname="org.apache.storm.starter.tools.SlidingWindowCounterTest" time="0"/>
  <testcase name="lessThanTwoSlotsShouldThrowIAE" classname="org.apache.storm.starter.tools.SlidingWindowCounterTest" time="0"/>
  <testcase name="lessThanTwoSlotsShouldThrowIAE" classname="org.apache.storm.starter.tools.SlidingWindowCounterTest" time="0"/>
  <testcase name="lessThanTwoSlotsShouldThrowIAE" classname="org.apache.storm.starter.tools.SlidingWindowCounterTest" time="0"/>
  <testcase name="lessThanTwoSlotsShouldThrowIAE" classname="org.apache.storm.starter.tools.SlidingWindowCounterTest" time="0"/>
  <testcase name="lessThanTwoSlotsShouldThrowIAE" classname="org.apache.storm.starter.tools.SlidingWindowCounterTest" time="0"/>
  <testcase name="newInstanceShouldHaveEmptyCounts" classname="org.apache.storm.starter.tools.SlidingWindowCounterTest" time="0"/>
  <testcase name="testCounterWithSimulatedRuns" classname="org.apache.storm.starter.tools.SlidingWindowCounterTest" time="0"/>
  <testcase name="testCounterWithSimulatedRuns" classname="org.apache.storm.starter.tools.SlidingWindowCounterTest" time="0"/>
  <testcase name="testCounterWithSimulatedRuns" classname="org.apache.storm.starter.tools.SlidingWindowCounterTest" time="0"/>
  <testcase name="testCounterWithSimulatedRuns" classname="org.apache.storm.starter.tools.SlidingWindowCounterTest" time="0"/>
  <testcase name="testCounterWithSimulatedRuns" classname="org.apache.storm.starter.tools.SlidingWindowCounterTest" time="0.034"/>
  <testcase name="twoOrMoreSlotsShouldBeValid" classname="org.apache.storm.starter.tools.SlidingWindowCounterTest" time="0"/>
  <testcase name="twoOrMoreSlotsShouldBeValid" classname="org.apache.storm.starter.tools.SlidingWindowCounterTest" time="0"/>
  <testcase name="twoOrMoreSlotsShouldBeValid" classname="org.apache.storm.starter.tools.SlidingWindowCounterTest" time="0"/>
  <testcase name="constructorWithNegativeOrZeroTopNShouldThrowIAE" classname="org.apache.storm.starter.tools.RankingsTest" time="0"/>
  <testcase name="constructorWithNegativeOrZeroTopNShouldThrowIAE" classname="org.apache.storm.starter.tools.RankingsTest" time="0"/>
  <testcase name="constructorWithNegativeOrZeroTopNShouldThrowIAE" classname="org.apache.storm.starter.tools.RankingsTest" time="0"/>
  <testcase name="constructorWithNegativeOrZeroTopNShouldThrowIAE" classname="org.apache.storm.starter.tools.RankingsTest" time="0"/>
  <testcase name="constructorWithPositiveTopNShouldBeOk" classname="org.apache.storm.starter.tools.RankingsTest" time="0"/>
  <testcase name="constructorWithPositiveTopNShouldBeOk" classname="org.apache.storm.starter.tools.RankingsTest" time="0"/>
  <testcase name="constructorWithPositiveTopNShouldBeOk" classname="org.apache.storm.starter.tools.RankingsTest" time="0"/>
  <testcase name="constructorWithPositiveTopNShouldBeOk" classname="org.apache.storm.starter.tools.RankingsTest" time="0"/>
  <testcase name="copyConstructorShouldReturnCopy" classname="org.apache.storm.starter.tools.RankingsTest" time="0"/>
  <testcase name="copyConstructorShouldReturnCopy" classname="org.apache.storm.starter.tools.RankingsTest" time="0"/>
  <testcase name="copyConstructorShouldReturnCopy" classname="org.apache.storm.starter.tools.RankingsTest" time="0"/>
  <testcase name="copyConstructorShouldReturnCopy" classname="org.apache.storm.starter.tools.RankingsTest" time="0"/>
  <testcase name="copyConstructorShouldReturnCopy" classname="org.apache.storm.starter.tools.RankingsTest" time="0"/>
  <testcase name="copyConstructorShouldReturnDefensiveCopy" classname="org.apache.storm.starter.tools.RankingsTest" time="0"/>
  <testcase name="copyConstructorShouldReturnDefensiveCopy" classname="org.apache.storm.starter.tools.RankingsTest" time="0"/>
  <testcase name="copyConstructorShouldReturnDefensiveCopy" classname="org.apache.storm.starter.tools.RankingsTest" time="0"/>
  <testcase name="copyConstructorShouldReturnDefensiveCopy" classname="org.apache.storm.starter.tools.RankingsTest" time="0"/>
  <testcase name="copyConstructorShouldReturnDefensiveCopy" classname="org.apache.storm.starter.tools.RankingsTest" time="0"/>
  <testcase name="copyConstructorShouldReturnDefensiveCopy" classname="org.apache.storm.starter.tools.RankingsTest" time="0"/>
  <testcase name="copyShouldReturnCopy" classname="org.apache.storm.starter.tools.RankingsTest" time="0"/>
  <testcase name="copyShouldReturnCopy" classname="org.apache.storm.starter.tools.RankingsTest" time="0"/>
  <testcase name="copyShouldReturnCopy" classname="org.apache.storm.starter.tools.RankingsTest" time="0"/>
  <testcase name="copyShouldReturnCopy" classname="org.apache.storm.starter.tools.RankingsTest" time="0"/>
  <testcase name="copyShouldReturnCopy" classname="org.apache.storm.starter.tools.RankingsTest" time="0"/>
  <testcase name="copyShouldReturnDefensiveCopy" classname="org.apache.storm.starter.tools.RankingsTest" time="0"/>
  <testcase name="copyShouldReturnDefensiveCopy" classname="org.apache.storm.starter.tools.RankingsTest" time="0"/>
  <testcase name="copyShouldReturnDefensiveCopy" classname="org.apache.storm.starter.tools.RankingsTest" time="0"/>
  <testcase name="copyShouldReturnDefensiveCopy" classname="org.apache.storm.starter.tools.RankingsTest" time="0"/>
  <testcase name="copyShouldReturnDefensiveCopy" classname="org.apache.storm.starter.tools.RankingsTest" time="0"/>
  <testcase name="copyShouldReturnDefensiveCopy" classname="org.apache.storm.starter.tools.RankingsTest" time="0"/>
  <testcase name="defaultConstructorShouldSetPositiveTopN" classname="org.apache.storm.starter.tools.RankingsTest" time="0"/>
  <testcase name="shouldCorrectlyRankWhenEmptyAndUpdatedWithOtherRankings" classname="org.apache.storm.starter.tools.RankingsTest" time="0"/>
  <testcase name="shouldCorrectlyRankWhenEmptyAndUpdatedWithOtherRankings" classname="org.apache.storm.starter.tools.RankingsTest" time="0.001"/>
  <testcase name="shouldCorrectlyRankWhenEmptyAndUpdatedWithOtherRankings" classname="org.apache.storm.starter.tools.RankingsTest" time="0"/>
  <testcase name="shouldCorrectlyRankWhenEmptyAndUpdatedWithOtherRankings" classname="org.apache.storm.starter.tools.RankingsTest" time="0"/>
  <testcase name="shouldCorrectlyRankWhenNotEmptyAndUpdatedWithOtherRankings" classname="org.apache.storm.starter.tools.RankingsTest" time="0"/>
  <testcase name="shouldCorrectlyRankWhenNotEmptyAndUpdatedWithOtherRankings" classname="org.apache.storm.starter.tools.RankingsTest" time="0"/>
  <testcase name="shouldCorrectlyRankWhenNotEmptyAndUpdatedWithOtherRankings" classname="org.apache.storm.starter.tools.RankingsTest" time="0"/>
  <testcase name="shouldCorrectlyRankWhenNotEmptyAndUpdatedWithOtherRankings" classname="org.apache.storm.starter.tools.RankingsTest" time="0"/>
  <testcase name="shouldCorrectlyRankWhenUpdatedWithEmptyOtherRankings" classname="org.apache.storm.starter.tools.RankingsTest" time="0"/>
  <testcase name="shouldCorrectlyRankWhenUpdatedWithEmptyOtherRankings" classname="org.apache.storm.starter.tools.RankingsTest" time="0"/>
  <testcase name="shouldCorrectlyRankWhenUpdatedWithEmptyOtherRankings" classname="org.apache.storm.starter.tools.RankingsTest" time="0"/>
  <testcase name="shouldCorrectlyRankWhenUpdatedWithEmptyOtherRankings" classname="org.apache.storm.starter.tools.RankingsTest" time="0"/>
  <testcase name="shouldCorrectlyRankWhenUpdatedWithRankables" classname="org.apache.storm.starter.tools.RankingsTest" time="0"/>
  <testcase name="shouldCorrectlyRankWhenUpdatedWithRankables" classname="org.apache.storm.starter.tools.RankingsTest" time="0"/>
  <testcase name="shouldCorrectlyRankWhenUpdatedWithRankables" classname="org.apache.storm.starter.tools.RankingsTest" time="0"/>
  <testcase name="shouldCorrectlyRankWhenUpdatedWithRankables" classname="org.apache.storm.starter.tools.RankingsTest" time="0"/>
  <testcase name="shouldHaveDefaultConstructor" classname="org.apache.storm.starter.tools.RankingsTest" time="0"/>
  <testcase name="shouldNotRankDuplicateObjectsMoreThanOnce" classname="org.apache.storm.starter.tools.RankingsTest" time="0"/>
  <testcase name="shouldNotRankDuplicateObjectsMoreThanOnce" classname="org.apache.storm.starter.tools.RankingsTest" time="0"/>
  <testcase name="shouldRemoveZeroCounts" classname="org.apache.storm.starter.tools.RankingsTest" time="0.024"/>
  <testcase name="shouldRemoveZeroCounts" classname="org.apache.storm.starter.tools.RankingsTest" time="0"/>
  <testcase name="shouldRemoveZeroCounts" classname="org.apache.storm.starter.tools.RankingsTest" time="0"/>
  <testcase name="shouldRemoveZeroCounts" classname="org.apache.storm.starter.tools.RankingsTest" time="0"/>
  <testcase name="shouldRemoveZeroCounts" classname="org.apache.storm.starter.tools.RankingsTest" time="0"/>
  <testcase name="shouldRemoveZeroCounts" classname="org.apache.storm.starter.tools.RankingsTest" time="0"/>
  <testcase name="shouldRemoveZeroCounts" classname="org.apache.storm.starter.tools.RankingsTest" time="0"/>
  <testcase name="sizeOfRankingsShouldNotGrowBeyondTopN" classname="org.apache.storm.starter.tools.RankingsTest" time="0"/>
  <testcase name="sizeOfRankingsShouldNotGrowBeyondTopN" classname="org.apache.storm.starter.tools.RankingsTest" time="0"/>
  <testcase name="updatingWithNewRankablesShouldBeThreadSafe" classname="org.apache.storm.starter.tools.RankingsTest" time="0.033"/>
  <testcase name="negativeOrZeroNumSlotsShouldThrowIAE" classname="org.apache.storm.starter.tools.SlotBasedCounterTest" time="0"/>
  <testcase name="negativeOrZeroNumSlotsShouldThrowIAE" classname="org.apache.storm.starter.tools.SlotBasedCounterTest" time="0"/>
  <testcase name="negativeOrZeroNumSlotsShouldThrowIAE" classname="org.apache.storm.starter.tools.SlotBasedCounterTest" time="0.021"/>
  <testcase name="negativeOrZeroNumSlotsShouldThrowIAE" classname="org.apache.storm.starter.tools.SlotBasedCounterTest" time="0"/>
  <testcase name="negativeOrZeroNumSlotsShouldThrowIAE" classname="org.apache.storm.starter.tools.SlotBasedCounterTest" time="0"/>
  <testcase name="newInstanceShouldHaveEmptyCounts" classname="org.apache.storm.starter.tools.SlotBasedCounterTest" time="0"/>
  <testcase name="positiveNumSlotsShouldBeOk" classname="org.apache.storm.starter.tools.SlotBasedCounterTest" time="0"/>
  <testcase name="positiveNumSlotsShouldBeOk" classname="org.apache.storm.starter.tools.SlotBasedCounterTest" time="0"/>
  <testcase name="positiveNumSlotsShouldBeOk" classname="org.apache.storm.starter.tools.SlotBasedCounterTest" time="0"/>
  <testcase name="positiveNumSlotsShouldBeOk" classname="org.apache.storm.starter.tools.SlotBasedCounterTest" time="0"/>
  <testcase name="shouldIncrementCount" classname="org.apache.storm.starter.tools.SlotBasedCounterTest" time="0"/>
  <testcase name="shouldIncrementCountOnlyOneSlotAtATime" classname="org.apache.storm.starter.tools.SlotBasedCounterTest" time="0"/>
  <testcase name="shouldReturnNonEmptyCountsWhenAtLeastOneObjectWasCounted" classname="org.apache.storm.starter.tools.SlotBasedCounterTest" time="0"/>
  <testcase name="shouldReturnZeroForNonexistentObject" classname="org.apache.storm.starter.tools.SlotBasedCounterTest" time="0"/>
  <testcase name="wipeSlotShouldSetAllCountsInSlotToZero" classname="org.apache.storm.starter.tools.SlotBasedCounterTest" time="0"/>
  <testcase name="wipeZerosShouldRemoveAnyObjectsWithZeroTotalCount" classname="org.apache.storm.starter.tools.SlotBasedCounterTest" time="0"/>
</testsuite>